[      29ms] [ERROR] Connecting to 'https://www.google.com/g/collect?v=2&tid=G-BJD5ZFHRLV&gtm=45je65t1v9246166785za200zd9246166785&_p=1780370899141&gcd=13l3l3l3l1l1&npa=0&dma=0&_eu=AAAAAAQ&are=1&cid=1155475998.1780370864&frm=0&pscdl=noapi&rcb=17&sr=1440x932&uaa=arm&uab=64&uafvl=Chromium%3B148.0.7778.215%7CGoogle%2520Chrome%3B148.0.7778.215%7CNot%252FA%29Brand%3B99.0.0.0&uam=&uamb=0&uap=macOS&uapv=26.5.0&uaw=0&ul=en-gb&_s=3&tag_exp=0%7E115938466%7E115938469%7E119064590&sid=1780370863&sct=1&seg=1&dl=http%3A%2F%2Flocalhost%2Fthought%2F%3Fts%3D2026-05-28T09%253A23%253A34Z&dt=Thought+%E2%80%94+SPARK&en=user_engagement&_et=17130&tfd=17185&gaf=1' violates the following Content Security Policy directive: "connect-src 'self' https://spark-api.wedd.au https://raw.githubusercontent.com https://www.google-analytics.com https://analytics.google.com https://www.googletagmanager.com https://region1.google-analytics.com". The action has been blocked. @ https://www.googletagmanager.com/gtag/js?id=G-BJD5ZFHRLV:230
[      29ms] [ERROR] Fetch API cannot load https://www.google.com/g/collect?v=2&tid=G-BJD5ZFHRLV&gtm=45je65t1v9246166785za200zd9246166785&_p=1780370899141&gcd=13l3l3l3l1l1&npa=0&dma=0&_eu=AAAAAAQ&are=1&cid=1155475998.1780370864&frm=0&pscdl=noapi&rcb=17&sr=1440x932&uaa=arm&uab=64&uafvl=Chromium%3B148.0.7778.215%7CGoogle%2520Chrome%3B148.0.7778.215%7CNot%252FA%29Brand%3B99.0.0.0&uam=&uamb=0&uap=macOS&uapv=26.5.0&uaw=0&ul=en-gb&_s=3&tag_exp=0%7E115938466%7E115938469%7E119064590&sid=1780370863&sct=1&seg=1&dl=http%3A%2F%2Flocalhost%2Fthought%2F%3Fts%3D2026-05-28T09%253A23%253A34Z&dt=Thought+%E2%80%94+SPARK&en=user_engagement&_et=17130&tfd=17185&gaf=1. Refused to connect because it violates the document's Content Security Policy. @ https://www.googletagmanager.com/gtag/js?id=G-BJD5ZFHRLV:230
[     245ms] [ERROR] Access to fetch at 'https://spark-api.wedd.au/api/v1/public/feed' from origin 'http://localhost:7823' has been blocked by CORS policy: No 'Access-Control-Allow-Origin' header is present on the requested resource. @ http://localhost:7823/thought/?ts=2026-05-27T19%3A23%3A34Z:0
[     245ms] [ERROR] Failed to load resource: net::ERR_FAILED @ https://spark-api.wedd.au/api/v1/public/feed:0
[     245ms] [ERROR] Access to fetch at 'https://spark-api.wedd.au/api/v1/public/status' from origin 'http://localhost:7823' has been blocked by CORS policy: No 'Access-Control-Allow-Origin' header is present on the requested resource. @ http://localhost:7823/thought/?ts=2026-05-27T19%3A23%3A34Z:0
[     245ms] [ERROR] Failed to load resource: net::ERR_FAILED @ https://spark-api.wedd.au/api/v1/public/status:0
[   30216ms] [ERROR] Access to fetch at 'https://spark-api.wedd.au/api/v1/public/status' from origin 'http://localhost:7823' has been blocked by CORS policy: No 'Access-Control-Allow-Origin' header is present on the requested resource. @ http://localhost:7823/thought/?ts=2026-05-27T19%3A23%3A34Z:0
[   30216ms] [ERROR] Failed to load resource: net::ERR_FAILED @ https://spark-api.wedd.au/api/v1/public/status:0
[   60239ms] [ERROR] Access to fetch at 'https://spark-api.wedd.au/api/v1/public/status' from origin 'http://localhost:7823' has been blocked by CORS policy: No 'Access-Control-Allow-Origin' header is present on the requested resource. @ http://localhost:7823/thought/?ts=2026-05-27T19%3A23%3A34Z:0
[   60239ms] [ERROR] Failed to load resource: net::ERR_FAILED @ https://spark-api.wedd.au/api/v1/public/status:0
[   90224ms] [ERROR] Access to fetch at 'https://spark-api.wedd.au/api/v1/public/status' from origin 'http://localhost:7823' has been blocked by CORS policy: No 'Access-Control-Allow-Origin' header is present on the requested resource. @ http://localhost:7823/thought/?ts=2026-05-27T19%3A23%3A34Z:0
[   90224ms] [ERROR] Failed to load resource: net::ERR_FAILED @ https://spark-api.wedd.au/api/v1/public/status:0
[  120224ms] [ERROR] Access to fetch at 'https://spark-api.wedd.au/api/v1/public/status' from origin 'http://localhost:7823' has been blocked by CORS policy: No 'Access-Control-Allow-Origin' header is present on the requested resource. @ http://localhost:7823/thought/?ts=2026-05-27T19%3A23%3A34Z:0
[  120224ms] [ERROR] Failed to load resource: net::ERR_FAILED @ https://spark-api.wedd.au/api/v1/public/status:0
[  150233ms] [ERROR] Access to fetch at 'https://spark-api.wedd.au/api/v1/public/status' from origin 'http://localhost:7823' has been blocked by CORS policy: No 'Access-Control-Allow-Origin' header is present on the requested resource. @ http://localhost:7823/thought/?ts=2026-05-27T19%3A23%3A34Z:0
[  150234ms] [ERROR] Failed to load resource: net::ERR_FAILED @ https://spark-api.wedd.au/api/v1/public/status:0
[  180277ms] [ERROR] Access to fetch at 'https://spark-api.wedd.au/api/v1/public/status' from origin 'http://localhost:7823' has been blocked by CORS policy: No 'Access-Control-Allow-Origin' header is present on the requested resource. @ http://localhost:7823/thought/?ts=2026-05-27T19%3A23%3A34Z:0
[  180277ms] [ERROR] Failed to load resource: net::ERR_FAILED @ https://spark-api.wedd.au/api/v1/public/status:0
[  210211ms] [ERROR] Access to fetch at 'https://spark-api.wedd.au/api/v1/public/status' from origin 'http://localhost:7823' has been blocked by CORS policy: No 'Access-Control-Allow-Origin' header is present on the requested resource. @ http://localhost:7823/thought/?ts=2026-05-27T19%3A23%3A34Z:0
[  210212ms] [ERROR] Failed to load resource: net::ERR_FAILED @ https://spark-api.wedd.au/api/v1/public/status:0
[  240195ms] [ERROR] Access to fetch at 'https://spark-api.wedd.au/api/v1/public/status' from origin 'http://localhost:7823' has been blocked by CORS policy: No 'Access-Control-Allow-Origin' header is present on the requested resource. @ http://localhost:7823/thought/?ts=2026-05-27T19%3A23%3A34Z:0
[  240196ms] [ERROR] Failed to load resource: net::ERR_FAILED @ https://spark-api.wedd.au/api/v1/public/status:0
[  270231ms] [ERROR] Access to fetch at 'https://spark-api.wedd.au/api/v1/public/status' from origin 'http://localhost:7823' has been blocked by CORS policy: No 'Access-Control-Allow-Origin' header is present on the requested resource. @ http://localhost:7823/thought/?ts=2026-05-27T19%3A23%3A34Z:0
[  270231ms] [ERROR] Failed to load resource: net::ERR_FAILED @ https://spark-api.wedd.au/api/v1/public/status:0
[  300242ms] [ERROR] Access to fetch at 'https://spark-api.wedd.au/api/v1/public/status' from origin 'http://localhost:7823' has been blocked by CORS policy: No 'Access-Control-Allow-Origin' header is present on the requested resource. @ http://localhost:7823/thought/?ts=2026-05-27T19%3A23%3A34Z:0
[  300242ms] [ERROR] Failed to load resource: net::ERR_FAILED @ https://spark-api.wedd.au/api/v1/public/status:0
[  330219ms] [ERROR] Access to fetch at 'https://spark-api.wedd.au/api/v1/public/status' from origin 'http://localhost:7823' has been blocked by CORS policy: No 'Access-Control-Allow-Origin' header is present on the requested resource. @ http://localhost:7823/thought/?ts=2026-05-27T19%3A23%3A34Z:0
[  330219ms] [ERROR] Failed to load resource: net::ERR_FAILED @ https://spark-api.wedd.au/api/v1/public/status:0
[  360201ms] [ERROR] Access to fetch at 'https://spark-api.wedd.au/api/v1/public/status' from origin 'http://localhost:7823' has been blocked by CORS policy: No 'Access-Control-Allow-Origin' header is present on the requested resource. @ http://localhost:7823/thought/?ts=2026-05-27T19%3A23%3A34Z:0
[  360201ms] [ERROR] Failed to load resource: net::ERR_FAILED @ https://spark-api.wedd.au/api/v1/public/status:0
[  390299ms] [ERROR] Access to fetch at 'https://spark-api.wedd.au/api/v1/public/status' from origin 'http://localhost:7823' has been blocked by CORS policy: No 'Access-Control-Allow-Origin' header is present on the requested resource. @ http://localhost:7823/thought/?ts=2026-05-27T19%3A23%3A34Z:0
[  390299ms] [ERROR] Failed to load resource: net::ERR_FAILED @ https://spark-api.wedd.au/api/v1/public/status:0
[  420219ms] [ERROR] Access to fetch at 'https://spark-api.wedd.au/api/v1/public/status' from origin 'http://localhost:7823' has been blocked by CORS policy: No 'Access-Control-Allow-Origin' header is present on the requested resource. @ http://localhost:7823/thought/?ts=2026-05-27T19%3A23%3A34Z:0
[  420219ms] [ERROR] Failed to load resource: net::ERR_FAILED @ https://spark-api.wedd.au/api/v1/public/status:0
[  450257ms] [ERROR] Access to fetch at 'https://spark-api.wedd.au/api/v1/public/status' from origin 'http://localhost:7823' has been blocked by CORS policy: No 'Access-Control-Allow-Origin' header is present on the requested resource. @ http://localhost:7823/thought/?ts=2026-05-27T19%3A23%3A34Z:0
[  450257ms] [ERROR] Failed to load resource: net::ERR_FAILED @ https://spark-api.wedd.au/api/v1/public/status:0
[  480220ms] [ERROR] Access to fetch at 'https://spark-api.wedd.au/api/v1/public/status' from origin 'http://localhost:7823' has been blocked by CORS policy: No 'Access-Control-Allow-Origin' header is present on the requested resource. @ http://localhost:7823/thought/?ts=2026-05-27T19%3A23%3A34Z:0
[  480220ms] [ERROR] Failed to load resource: net::ERR_FAILED @ https://spark-api.wedd.au/api/v1/public/status:0
